mode: set
hello-world/main.go:11.13,24.2 6 0
hello-world/config/config.go:11.21,13.16 2 1
hello-world/config/config.go:13.16,15.3 1 1
hello-world/config/config.go:17.2,19.3 1 1
hello-world/middleware/logging.go:10.56,11.71 1 1
hello-world/middleware/logging.go:11.71,21.3 3 1
hello-world/services/click_service.go:7.38,9.2 1 1
hello-world/services/click_service.go:11.45,14.2 2 1
hello-world/services/click_service.go:16.39,18.2 1 1
hello-world/services/click_service.go:20.32,22.2 1 1
hello-world/routes/routes.go:11.32,30.2 9 1
hello-world/handlers/api.go:16.26,18.2 1 1
hello-world/handlers/api.go:20.66,33.2 6 1
hello-world/handlers/api.go:35.67,48.2 6 1
hello-world/handlers/debug.go:10.59,16.16 3 1
hello-world/handlers/debug.go:16.16,19.3 2 1
hello-world/handlers/debug.go:21.2,27.23 2 0
hello-world/handlers/home.go:8.58,13.16 2 1
hello-world/handlers/home.go:13.16,16.3 2 1
hello-world/handlers/home.go:18.2,24.23 2 0
